
📸 Processing 55 images...

[1/55] Washington (location)
   Prompt: Photorealistic photograph of Washington cityscape in the 1940s. Period architect...
   Generating...
   Downloading...
   Uploading...
   Updated article infobox
   ✅ Done: cmkmzo6nt0001it0pgpvz939x

[2/55] West Virginia (location)
   Prompt: Photorealistic photograph of West Virginia cityscape in the 1940s. Period archit...
   Generating...
   Downloading...
   Uploading...
   Updated article infobox
   ✅ Done: cmkmzovlo0005it0p2eggllgx

[3/55] Wisconsin (location)
   Prompt: Photorealistic photograph of Wisconsin cityscape in the 1940s. Period architectu...
   Generating...
   Downloading...
   Uploading...
   Updated article infobox
   ✅ Done: cmkmzp5q00009it0pobp5wdmm

[4/55] Arthur Hale (portrait)
   Prompt: Photorealistic portrait photograph of a 49-year-old white man, professional. Pro...
   Generating...
   Downloading...
   Uploading...
   ✅ Done: cmkmzqmbb000dit0pqxi7f511

[5/55] Bernie Kessler (portrait)
   Prompt: Photorealistic portrait photograph of a 40-year-old white man, Hollywood film st...
   Generating...
   Downloading...
   Uploading...
   Updated article infobox
   ✅ Done: cmkmzqvvz000hit0po81j449p

[6/55] Carmine DeMarco (portrait)
   Prompt: Photorealistic portrait photograph of a 40-year-old white man, Political organiz...
   Generating...
   Downloading...
   Uploading...
   Updated article infobox
   ✅ Done: cmkmzr6ej000lit0pmff5xa90

[7/55] Catherine Marlowe (portrait)
   Prompt: Photorealistic portrait photograph of a 42-year-old white woman, Hollywood film ...
   Generating...
   Downloading...
   Uploading...
   Updated article infobox
   ✅ Done: cmkmzrhuu000pit0p308md1ps

[8/55] Charles Garrison (portrait)
   Prompt: Photorealistic portrait photograph of a 26-year-old white man, military officer....
   Generating...
   Downloading...
   Uploading...
   Updated article infobox
   ✅ Done: cmkmzrsak000tit0pnbf7cjou

[9/55] Chen Zhaoming (portrait)
   Prompt: Photorealistic portrait photograph of a 54-year-old white man, Founding the Peop...
   Generating...
   Downloading...
   Uploading...
   Updated article infobox
   ✅ Done: cmkmzs2rk000xit0p4fsala03

[10/55] Dorothy Sherwood (portrait)
   Prompt: Photorealistic portrait photograph of a 27-year-old white woman, entertainer. Pr...
   Generating...
   Downloading...
   Uploading...
   Updated article infobox
   ✅ Done: cmkmzscr80011it0p99gw34cv

[11/55] Edmund Carlson (portrait)
   Prompt: Photorealistic portrait photograph of a 62-year-old white man, business executiv...
   Generating...
   Downloading...
   Uploading...
   Updated article infobox
   ✅ Done: cmkmzsn4s0015it0po4afvx7c

[12/55] Edward Stanton (portrait)
   Prompt: Photorealistic portrait photograph of a 40-year-old white man, journalist. Profe...
   Generating...
   Downloading...
   Uploading...
   Updated article infobox
   ✅ Done: cmkmzsx7e0019it0ppaffti3p

[13/55] Eleanor Brooks (portrait)
   Prompt: Photorealistic portrait photograph of a 42-year-old white woman, professional. P...
   Generating...
   Downloading...
   Uploading...
   ✅ Done: cmkmzt71u001dit0pjwhzy9qk

[14/55] Eleanor Brooks (portrait)
   Prompt: Photorealistic portrait photograph of a 42-year-old white woman, professional. P...
   Generating...
   Downloading...
   Uploading...
   ✅ Done: cmkmzthht001hit0px13qgnpr

[15/55] Eleanor Weston (portrait)
   Prompt: Photorealistic portrait photograph of a middle-aged white man, Socialite, ranche...
   Generating...
   Downloading...
   Uploading...
   Updated article infobox
   ✅ Done: cmkmztr0e001jit0ps0sc2ort

[16/55] Enzo Ferrante (portrait)
   Prompt: Photorealistic portrait photograph of a 51-year-old white man, business executiv...
   Generating...
   Downloading...
   Uploading...
   Updated article infobox
   ✅ Done: cmkmzu0jj001nit0p5lrs3lp1

[17/55] Frank Caldwell (portrait)
   Prompt: Photorealistic portrait photograph of a 26-year-old white woman, military office...
   Generating...
   Downloading...
   Uploading...
   Updated article infobox
   ✅ Done: cmkmzua8j001rit0p6pytts4i

[18/55] Frank Martino (portrait)
   Prompt: Photorealistic portrait photograph of a 32-year-old white man, Hollywood film st...
   Generating...
   Downloading...
   Uploading...
   Updated article infobox
   ✅ Done: cmkmzujr1001vit0pmni72lyp

[19/55] Franklin D. Roosevelt (portrait)
   Prompt: Photorealistic portrait photograph of a 66-year-old white man, distinguished pol...
   Generating...
   Downloading...
   Uploading...
   Updated article infobox
   ✅ Done: cmkmzutb4001zit0p6fjetnxm

[20/55] George Keller (portrait)
   Prompt: Photorealistic portrait photograph of a 29-year-old white man, Jazz saxophonist....
   Generating...
   Downloading...
   Uploading...
   Updated article infobox
   ✅ Done: cmkmzv2tz0023it0pg5i66ob0

[21/55] Grigori Voronov (portrait)
   Prompt: Photorealistic portrait photograph of a 51-year-old white man, distinguished pol...
   Generating...
   Downloading...
   Uploading...
   Updated article infobox
   ✅ Done: cmkmzvcb90025it0pnylau80a

[22/55] Harlan Whitmore (portrait)
   Prompt: Photorealistic portrait photograph of a 53-year-old white man, military officer....
   Generating...
   Downloading...
   Uploading...
   Updated article infobox
   ✅ Done: cmkmzvmh20029it0pz6qk73ik

[23/55] Harold Keane (portrait)
   Prompt: Photorealistic portrait photograph of a 38-year-old white man, Songwriter, compo...
   Generating...
   Downloading...
   Uploading...
   Updated article infobox
   ✅ Done: cmkmzvvx1002dit0pgipo50wn

[24/55] Henry C. Durant (portrait)
   Prompt: Photorealistic portrait photograph of a 85-year-old white man, business executiv...
   Generating...
   Downloading...
   Uploading...
   Updated article infobox
   ✅ Done: cmkmzw5eo002hit0p3kwn0ofp

[25/55] Henry Wallace (portrait)
   Prompt: Photorealistic portrait photograph of a 60-year-old white man, distinguished pol...
   Generating...
   Downloading...
   Uploading...
   Updated article infobox
   ✅ Done: cmkmzwfjw002lit0pwydi1ivc

[26/55] Irving Lazar (portrait)
   Prompt: Photorealistic portrait photograph of a 46-year-old white man, business executiv...
   Generating...
   Downloading...
   Uploading...
   Updated article infobox
   ✅ Done: cmkmzwpdh002pit0ps1h731p0

[27/55] Jack Callahan (portrait)
   Prompt: Photorealistic portrait photograph of a 35-year-old white man, Labor leader. Pro...
   Generating...
   Downloading...
   Uploading...
   Updated article infobox
   ✅ Done: cmkmzwz5m002tit0ptd0nv2da

[28/55] James Thornton (portrait)
   Prompt: Photorealistic portrait photograph of a 49-year-old white man, Film director, pr...
   Generating...
   Downloading...
   Uploading...
   Updated article infobox
   ✅ Done: cmkmzx8hb002xit0pp796v8xg

[29/55] Joseph Carter (portrait)
   Prompt: Photorealistic portrait photograph of a 33-year-old white man, Professional boxe...
   Generating...
   Downloading...
   Uploading...
   Updated article infobox
   ✅ Done: cmkmzxi9k0031it0pjbvwshyy

[30/55] Joseph Stalin (portrait)
   Prompt: Photorealistic portrait photograph of a 70-year-old white man, military officer....
   Generating...
   Downloading...
   Uploading...
   Updated article infobox
   ✅ Done: cmkmzxt1m0035it0ph5lzev0p

[31/55] Leonard Vance (portrait)
   Prompt: Photorealistic portrait photograph of a 41-year-old white man, Physicist. Profes...
   Generating...
   Downloading...
   Uploading...
   Updated article infobox
   ✅ Done: cmkmzy2ht0039it0payt3371f

[32/55] Margaret Caldwell (portrait)
   Prompt: Photorealistic portrait photograph of a 26-year-old white woman, Homemaker. Prof...
   Generating...
   Downloading...
   Uploading...
   Updated article infobox
   ✅ Done: cmkmzyg2h003dit0p8nvsrgqu

[33/55] Nathan Collier (portrait)
   Prompt: Photorealistic portrait photograph of a 44-year-old white man, journalist. Profe...
   Generating...
   Downloading...
   Uploading...
   Updated article infobox
   ✅ Done: cmkmzyqje003hit0pojja97at

[34/55] Nathan Kagan (portrait)
   Prompt: Photorealistic portrait photograph of a 63-year-old white man, business executiv...
   Generating...
   Downloading...
   Uploading...
   Updated article infobox
   ✅ Done: cmkmzz0x2003lit0pnco2jg5b

[35/55] Nelson Chambers (portrait)
   Prompt: Photorealistic portrait photograph of a 43-year-old white man, Arranger, conduct...
   Generating...
   Downloading...
   Uploading...
   Updated article infobox
   ✅ Done: cmkmzzafl003pit0pv5ng8fcg

[36/55] Patrick Gallagher (portrait)
   Prompt: Photorealistic portrait photograph of a 70-year-old white man, Boss of Kansas Ci...
   Generating...
   Downloading...
   Uploading...
   Updated article infobox
   ✅ Done: cmkmzzjym003tit0pjo4606yd

[37/55] Paulie Caruso (portrait)
   Prompt: Photorealistic portrait photograph of a 38-year-old white man, Driver, personal ...
   Generating...
   Downloading...
   Uploading...
   Updated article infobox
   ✅ Done: cmkmzzttg003xit0pmpyo370e

[38/55] Randolph Joseph Mercer (portrait)
   Prompt: Photorealistic portrait photograph of a 86-year-old white man, business executiv...
   Generating...
   Downloading...
   Uploading...
   Updated article infobox
   ✅ Done: cmkn004680041it0ptj24kcmb

[39/55] Raymond Colvin (portrait)
   Prompt: Photorealistic portrait photograph of a 37-year-old white man, military officer....
   Generating...
   Downloading...
   Uploading...
   Updated article infobox
   ✅ Done: cmkn00dt80045it0ppip5wz0t

[40/55] Raymond Holbrook (portrait)
   Prompt: Photorealistic portrait photograph of a 46-year-old white man, Automobile design...
   Generating...
   Downloading...
   Uploading...
   Updated article infobox
   ✅ Done: cmkn00ow30049it0pmy89pvkk

[41/55] Robert Langley (portrait)
   Prompt: Photorealistic portrait photograph of a 36-year-old white man, Hollywood film st...
   Generating...
   Downloading...
   Uploading...
   Updated article infobox
   ✅ Done: cmkn00yur004dit0pcj6dfto8

[42/55] Robert Whitfield (portrait)
   Prompt: Photorealistic portrait photograph of a 46-year-old white man, distinguished pol...
   Generating...
   Downloading...
   Uploading...
   Updated article infobox
   ✅ Done: cmkn018qx004hit0p07a93o8a

[43/55] Salvatore Conti (portrait)
   Prompt: Photorealistic portrait photograph of a 54-year-old white man, business executiv...
   Generating...
   Downloading...
   Uploading...
   Updated article infobox
   ✅ Done: cmkn01i5h004lit0pfv67gg36

[44/55] Samuel Kagan (portrait)
   Prompt: Photorealistic portrait photograph of a 63-year-old white man, business executiv...
   Generating...
   Downloading...
   Uploading...
   Updated article infobox
   ✅ Done: cmkn01ru9004pit0p14q3dbts

[45/55] Savannah Fontaine (portrait)
   Prompt: Photorealistic portrait photograph of a 32-year-old white woman, Socialite. Prof...
   Generating...
   Downloading...
   Uploading...
   Updated article infobox
   ✅ Done: cmkn0218g004tit0pvwwfdwk0

[46/55] Senator Robert Whitfield (portrait)
   Prompt: Photorealistic portrait photograph of a 46-year-old white man, distinguished pol...
   Generating...
   Downloading...
   Uploading...
   ✅ Done: cmkn02cov004xit0pbv37kc9f

[47/55] Sidney Hartman (portrait)
   Prompt: Photorealistic portrait photograph of a 49-year-old white man, business executiv...
   Generating...
   Downloading...
   Uploading...
   Updated article infobox
   ✅ Done: cmkn02m1p004zit0p62tb2ooi

[48/55] Sol Roth (portrait)
   Prompt: Photorealistic portrait photograph of a 46-year-old white man, business executiv...
   Generating...
   Downloading...
   Uploading...
   Updated article infobox
   ✅ Done: cmkn02vo60053it0pqyt89qd9

[49/55] Thomas Chambers (portrait)
   Prompt: Photorealistic portrait photograph of a 43-year-old white man, professional. Pro...
   Generating...
   Downloading...
   Uploading...
   ✅ Done: cmkn035520057it0ppdy8e00j

[50/55] Thomas Chambers (portrait)
   Prompt: Photorealistic portrait photograph of a 43-year-old white man, professional. Pro...
   Generating...
   Downloading...
   Uploading...
   ✅ Done: cmkn03eql0059it0pdbbaelwk

[51/55] Thomas Dewey (portrait)
   Prompt: Photorealistic portrait photograph of a 46-year-old white man, distinguished pol...
   Generating...
   Downloading...
   Uploading...
   Updated article infobox
   ✅ Done: cmkn03obs005dit0p8cdv1dfg

[52/55] Tommy Barton (portrait)
   Prompt: Photorealistic portrait photograph of a middle-aged white man, Bandleader. Profe...
   Generating...
   Downloading...
   Uploading...
   Updated article infobox
   ✅ Done: cmkn03z0x005hit0p0ybdws1o

[53/55] Virgil Stokes (portrait)
   Prompt: Photorealistic portrait photograph of a 48-year-old white man, Rancher. Professi...
   Generating...
   Downloading...
   Uploading...
   Updated article infobox
   ✅ Done: cmkn048en005jit0p7ow666cw

[54/55] Walter Brennan (portrait)
   Prompt: Photorealistic portrait photograph of a 57-year-old white man, business executiv...
   Generating...
   Downloading...
   Uploading...
   Updated article infobox
   ✅ Done: cmkn04i2t005nit0p2gyoxso4

[55/55] William Garrett (portrait)
   Prompt: Photorealistic portrait photograph of a 56-year-old white man, Film director, pr...
   Generating...
   Downloading...
   Uploading...
   Updated article infobox
   ✅ Done: cmkn04s7f005rit0py8bbis7b


✅ Complete! Processed: 55, Failed: 0
