
📸 Processing 110 images...

[1/110] Antelope Springs, New Mexico (location)
   Prompt: Photorealistic photograph of small American town main street in the 1940s. Red b...
   Generating...
   Downloading...
   Uploading...
   Updated article infobox
   ✅ Done: cmkmxzhc40001it97tg5gy0ws

[2/110] Ashford, Kansas (location)
   Prompt: Photorealistic photograph of American state landscape in the 1940s. Characterist...
   Generating...
   Downloading...
   Uploading...
   Updated article infobox
   ✅ Done: cmkmxzrez0005it9729j42dqy

[3/110] Atlantic City (location)
   Prompt: Photorealistic photograph of Atlantic City cityscape in the 1940s. Period archit...
   Generating...
   Downloading...
   Uploading...
   Updated article infobox
   ✅ Done: cmkmy00yw0009it97vev2gfln

[4/110] Boston (location)
   Prompt: Photorealistic photograph of Boston cityscape in the 1940s. Period architecture,...
   Generating...
   Downloading...
   Uploading...
   Updated article infobox
   ✅ Done: cmkmy0atb000dit97tx18z5gq

[5/110] Brooklyn (location)
   Prompt: Photorealistic photograph of New York City neighborhood in the 1940s. Busy urban...
   Generating...
   Downloading...
   Uploading...
   Updated article infobox
   ✅ Done: cmkmy0k18000hit97nk8wtglu

[6/110] California (location)
   Prompt: Photorealistic photograph of American state landscape in the 1940s. Characterist...
   Generating...
   Downloading...
   Uploading...
   Updated article infobox
   ✅ Done: cmkmy0tg8000lit97ba1gj3gs

[7/110] Chicago (location)
   Prompt: Photorealistic photograph of Chicago cityscape in the 1940s. Impressive skyline ...
   Generating...
   Downloading...
   Uploading...
   Updated article infobox
   ✅ Done: cmkmy134y000pit97lp5119q3

[8/110] China (location)
   Prompt: Photorealistic photograph of China in the 1940s in the 1940s. Characteristic arc...
   Generating...
   Downloading...
   Uploading...
   Updated article infobox
   ✅ Done: cmkmy1cx9000tit974wmn9dxf

[9/110] Cincinnati (location)
   Prompt: Photorealistic photograph of Cincinnati cityscape in the 1940s. Period architect...
   Generating...
   Downloading...
   Uploading...
   Updated article infobox
   ✅ Done: cmkmy1m66000xit97xsnang9x

[10/110] Clearview, Missouri (location)
   Prompt: Photorealistic photograph of American state landscape in the 1940s. Characterist...
   Generating...
   Downloading...
   Uploading...
   Updated article infobox
   ✅ Done: cmkmy1vj00011it97q5m8s9po

[11/110] Cleveland (location)
   Prompt: Photorealistic photograph of Cleveland cityscape in the 1940s. Period architectu...
   Generating...
   Downloading...
   Uploading...
   Updated article infobox
   ✅ Done: cmkmy24ud0015it9722gllpyy

[12/110] England (location)
   Prompt: Photorealistic photograph of England in the 1940s in the 1940s. Characteristic a...
   Generating...
   Downloading...
   Uploading...
   Updated article infobox
   ✅ Done: cmkmy2e9k0019it97tfqgrn93

[13/110] Helena, Montana (location)
   Prompt: Photorealistic photograph of American state landscape in the 1940s. Characterist...
   Generating...
   Downloading...
   Uploading...
   Updated article infobox
   ✅ Done: cmkmy2ngn001dit97eawgumwg

[14/110] Hiroshima (location)
   Prompt: Photorealistic photograph of Hiroshima cityscape in the 1940s. Period architectu...
   Generating...
   Downloading...
   Uploading...
   Updated article infobox
   ✅ Done: cmkmy2wri001hit97r0kprnbt

[15/110] Hollywood (location)
   Prompt: Photorealistic photograph of Los Angeles area in the 1940s. Palm trees, Spanish-...
   Generating...
   Downloading...
   Uploading...
   ✅ Done: cmkmy36l4001lit97lsgr71ox

[16/110] Illinois (location)
   Prompt: Photorealistic photograph of American state landscape in the 1940s. Characterist...
   Generating...
   Downloading...
   Uploading...
   Updated article infobox
   ✅ Done: cmkmy3ftz001pit971zproyf4

[17/110] Israel (location)
   Prompt: Photorealistic photograph of Israel in the 1940s in the 1940s. Characteristic ar...
   Generating...
   Downloading...
   Uploading...
   Updated article infobox
   ✅ Done: cmkmy3pjs001tit973ygdnhmn

[18/110] Japan (location)
   Prompt: Photorealistic photograph of Japan in the 1940s in the 1940s. Characteristic arc...
   Generating...
   Downloading...
   Uploading...
   Updated article infobox
   ✅ Done: cmkmy3yzs001xit97dyokls59

[19/110] Kansas (location)
   Prompt: Photorealistic photograph of American state landscape in the 1940s. Characterist...
   Generating...
   Downloading...
   Uploading...
   Updated article infobox
   ✅ Done: cmkmy48al0021it97s4kaztkk

[20/110] Kentucky (location)
   Prompt: Photorealistic photograph of Kentucky cityscape in the 1940s. Period architectur...
   Generating...
   Downloading...
   Uploading...
   Updated article infobox
   ✅ Done: cmkmy4hqv0025it97bfna9hua

[21/110] Las Vegas (location)
   Prompt: Photorealistic photograph of early Las Vegas in the 1940s. Desert setting with e...
   Generating...
   Downloading...
   Uploading...
   Updated article infobox
   ✅ Done: cmkmy4sba0029it97dflxfqhx

[22/110] Lawton, Missouri (location)
   Prompt: Photorealistic photograph of American state landscape in the 1940s. Characterist...
   Generating...
   Downloading...
   Uploading...
   Updated article infobox
   ✅ Done: cmkmy51so002dit97at4pxth9

[23/110] Little Sicily (location)
   Prompt: Photorealistic photograph of Little Sicily cityscape in the 1940s. Period archit...
   Generating...
   Downloading...
   Uploading...
   ✅ Done: cmkmy5bly002hit97eh2ix9me

[24/110] London (location)
   Prompt: Photorealistic photograph of London in the 1940s in the 1940s. Characteristic ar...
   Generating...
   Downloading...
   Uploading...
   Updated article infobox
   ✅ Done: cmkmy5ld2002jit97v2nfq2jv

[25/110] Los Angeles (location)
   Prompt: Photorealistic photograph of Los Angeles area in the 1940s. Palm trees, Spanish-...
   Generating...
   Downloading...
   Uploading...
   Updated article infobox
   ✅ Done: cmkmy5uy8002nit97ezo4hew1

[26/110] Louisiana (location)
   Prompt: Photorealistic photograph of Louisiana cityscape in the 1940s. Period architectu...
   Generating...
   Downloading...
   Uploading...
   Updated article infobox
   ✅ Done: cmkmy64gt002rit97lq9237mv

[27/110] Lucky Sands Casino (location)
   Prompt: Photorealistic photograph of grand hotel or casino in the 1940s. Elegant Art Dec...
   Generating...
   Downloading...
   Uploading...
   Updated article infobox
   ✅ Done: cmkmy6egw002vit97ca2bzzn3

[28/110] Manhattan (location)
   Prompt: Photorealistic photograph of New York City neighborhood in the 1940s. Busy urban...
   Generating...
   Downloading...
   Uploading...
   Updated article infobox
   ✅ Done: cmkmy6ooh002zit97k02pbdny

[29/110] Michigan (location)
   Prompt: Photorealistic photograph of American state landscape in the 1940s. Characterist...
   Generating...
   Downloading...
   Uploading...
   Updated article infobox
   ✅ Done: cmkmy6xzr0033it97ok1tt04q

[30/110] Milwaukee (location)
   Prompt: Photorealistic photograph of Milwaukee cityscape in the 1940s. Period architectu...
   Generating...
   Downloading...
   Uploading...
   Updated article infobox
   ✅ Done: cmkmy781y0037it97g82jn6js

[31/110] Missouri (location)
   Prompt: Photorealistic photograph of American state landscape in the 1940s. Characterist...
   Generating...
   Downloading...
   Uploading...
   Updated article infobox
   ✅ Done: cmkmy7ibb003bit97v4agmke7

[32/110] Montana (location)
   Prompt: Photorealistic photograph of American state landscape in the 1940s. Characterist...
   Generating...
   Downloading...
   Uploading...
   Updated article infobox
   ✅ Done: cmkmy7rm6003fit974axspzud

[33/110] Moscow (location)
   Prompt: Photorealistic photograph of Moscow cityscape in the 1940s. Period architecture,...
   Generating...
   Downloading...
   Uploading...
   Updated article infobox
   ✅ Done: cmkmy80wb003jit976m6jh8ii

[34/110] Nagasaki (location)
   Prompt: Photorealistic photograph of Nagasaki cityscape in the 1940s. Period architectur...
   Generating...
   Downloading...
   Uploading...
   Updated article infobox
   ✅ Done: cmkmy8b6x003nit97ci8cy132

[35/110] New Jersey (location)
   Prompt: Photorealistic photograph of New Jersey cityscape in the 1940s. Period architect...
   Generating...
   Downloading...
   Uploading...
   Updated article infobox
   ✅ Done: cmkmy8l2l003rit97i79391mp

[36/110] New Mexico (location)
   Prompt: Photorealistic photograph of New Mexico cityscape in the 1940s. Period architect...
   Generating...
   Downloading...
   Uploading...
   Updated article infobox
   ✅ Done: cmkmy8vms003vit97yks9u9pp

[37/110] New York (location)
   Prompt: Photorealistic photograph of New York City neighborhood in the 1940s. Busy urban...
   Generating...
   Downloading...
   Uploading...
   Updated article infobox
   ✅ Done: cmkmy95iy003zit97632mq4te

[38/110] New York City (location)
   Prompt: Photorealistic photograph of New York City neighborhood in the 1940s. Busy urban...
   Generating...
   Downloading...
   Uploading...
   Updated article infobox
   ✅ Done: cmkmy9eut0043it97lhr92y0r

[39/110] North Carolina (location)
   Prompt: Photorealistic photograph of North Carolina cityscape in the 1940s. Period archi...
   Generating...
   Downloading...
   Uploading...
   Updated article infobox
   ✅ Done: cmkmy9ohq0047it974lzw3rgv

[40/110] Ohio (location)
   Prompt: Photorealistic photograph of American state landscape in the 1940s. Characterist...
   Generating...
   Downloading...
   Uploading...
   Updated article infobox
   ✅ Done: cmkmy9xvg004bit97c82dy0az

[41/110] Pennsylvania (location)
   Prompt: Photorealistic photograph of Pennsylvania cityscape in the 1940s. Period archite...
   Generating...
   Downloading...
   Uploading...
   ✅ Done: cmkmya7ij004fit974d66y992

[42/110] Philadelphia (location)
   Prompt: Photorealistic photograph of Philadelphia cityscape in the 1940s. Period archite...
   Generating...
   Downloading...
   Uploading...
   ✅ Done: cmkmyah0q004jit979o8cf8dz

[43/110] Philippines (location)
   Prompt: Photorealistic photograph of Philippines in the 1940s in the 1940s. Characterist...
   Generating...
   Downloading...
   Uploading...
   Updated article infobox
   ✅ Done: cmkmyaqvq004nit97v6udmmd1

[44/110] Polebridge, Washington (location)
   Prompt: Photorealistic photograph of small American town main street in the 1940s. Red b...
   Generating...
   Downloading...
   Uploading...
   Updated article infobox
   ✅ Done: cmkmyb0f9004rit97473z8w0i

[45/110] Portside, New Jersey (location)
   Prompt: Photorealistic photograph of small American town main street in the 1940s. Red b...
   Generating...
   Downloading...
   Uploading...
   Updated article infobox
   ✅ Done: cmkmybbgd004vit97poecbkm5

[46/110] San Antonio (location)
   Prompt: Photorealistic photograph of San Antonio cityscape in the 1940s. Period architec...
   Generating...
   Downloading...
   Uploading...
   Updated article infobox
   ✅ Done: cmkmybl2c004zit977klfqd21

[47/110] San Francisco (location)
   Prompt: Photorealistic photograph of San Francisco cityscape in the 1940s. Period archit...
   Generating...
   Downloading...
   Uploading...
   Updated article infobox
   ✅ Done: cmkmybunw0053it977hs6g2rj

[48/110] Soviet Union (location)
   Prompt: Photorealistic photograph of Soviet Union in the 1940s in the 1940s. Characteris...
   Generating...
   Downloading...
   Uploading...
   Updated article infobox
   ✅ Done: cmkmyc4j40057it97wujxfnux

[49/110] Stokes Ranch (location)
   Prompt: Photorealistic photograph of Stokes Ranch cityscape in the 1940s. Period archite...
   Generating...
   Downloading...
   Uploading...
   Updated article infobox
   ✅ Done: cmkmyceb9005bit97pufu78yh

[50/110] Texas (location)
   Prompt: Photorealistic photograph of American state landscape in the 1940s. Characterist...
   Generating...
   Downloading...
   Uploading...
   Updated article infobox
   ✅ Done: cmkmycoa4005fit97m5uaj2b8

[51/110] The Bronx (location)
   Prompt: Photorealistic photograph of New York City neighborhood in the 1940s. Busy urban...
   Generating...
   Downloading...
   Uploading...
   ✅ Done: cmkmycyzs005jit97w9934uko

[52/110] The Claridge Hotel (location)
   Prompt: Photorealistic photograph of grand hotel or casino in the 1940s. Elegant Art Dec...
   Generating...
   Downloading...
   Uploading...
   Updated article infobox
   ✅ Done: cmkmyd8eg005nit97u39ot9cd

[53/110] The Royale Imperial (location)
   Prompt: Photorealistic photograph of The Royale Imperial cityscape in the 1940s. Period ...
   Generating...
   Downloading...
   Uploading...
   Updated article infobox
   ✅ Done: cmkmydi61005rit97utvn6wfh

[54/110] Ukraine (location)
   Prompt: Photorealistic photograph of Ukraine in the 1940s in the 1940s. Characteristic a...
   Generating...
   Downloading...
   Uploading...
   Updated article infobox
   ✅ Done: cmkmyds84005vit97ojbt1jnt

[55/110] United States (location)
   Prompt: Photorealistic photograph of American state landscape in the 1940s. Characterist...
   Generating...
   Downloading...
   Uploading...
   Updated article infobox
   ✅ Done: cmkmye1qa005zit97v95gvfvi

[56/110] Washington (location)
   Prompt: Photorealistic photograph of Washington cityscape in the 1940s. Period architect...
   Generating...
   ❌ Error: API error (429): {"code":"Some resource has been exhausted","error":"Your team 9d417d69-4ac8-4e8d-aff4-7f7eed5dadf6 has either used all available credits or reached its monthly spending limit. To continue making API requests, please purchase more credits or raise your spending limit."}

[57/110] West Virginia (location)
   Prompt: Photorealistic photograph of West Virginia cityscape in the 1940s. Period archit...
   Generating...
   ❌ Error: API error (429): {"code":"Some resource has been exhausted","error":"Your team 9d417d69-4ac8-4e8d-aff4-7f7eed5dadf6 has either used all available credits or reached its monthly spending limit. To continue making API requests, please purchase more credits or raise your spending limit."}

[58/110] Wisconsin (location)
   Prompt: Photorealistic photograph of Wisconsin cityscape in the 1940s. Period architectu...
   Generating...
   ❌ Error: API error (429): {"code":"Some resource has been exhausted","error":"Your team 9d417d69-4ac8-4e8d-aff4-7f7eed5dadf6 has either used all available credits or reached its monthly spending limit. To continue making API requests, please purchase more credits or raise your spending limit."}

[59/110] Arthur Hale (portrait)
   Prompt: Photorealistic portrait photograph of a 49-year-old white man, professional. Pro...
   Generating...
   ❌ Error: API error (429): {"code":"Some resource has been exhausted","error":"Your team 9d417d69-4ac8-4e8d-aff4-7f7eed5dadf6 has either used all available credits or reached its monthly spending limit. To continue making API requests, please purchase more credits or raise your spending limit."}

[60/110] Bernie Kessler (portrait)
   Prompt: Photorealistic portrait photograph of a 40-year-old white man, Hollywood film st...
   Generating...
   ❌ Error: API error (429): {"code":"Some resource has been exhausted","error":"Your team 9d417d69-4ac8-4e8d-aff4-7f7eed5dadf6 has either used all available credits or reached its monthly spending limit. To continue making API requests, please purchase more credits or raise your spending limit."}

[61/110] Carmine DeMarco (portrait)
   Prompt: Photorealistic portrait photograph of a 40-year-old white man, Political organiz...
   Generating...
   ❌ Error: API error (429): {"code":"Some resource has been exhausted","error":"Your team 9d417d69-4ac8-4e8d-aff4-7f7eed5dadf6 has either used all available credits or reached its monthly spending limit. To continue making API requests, please purchase more credits or raise your spending limit."}

[62/110] Catherine Marlowe (portrait)
   Prompt: Photorealistic portrait photograph of a 42-year-old white woman, Hollywood film ...
   Generating...
   ❌ Error: API error (429): {"code":"Some resource has been exhausted","error":"Your team 9d417d69-4ac8-4e8d-aff4-7f7eed5dadf6 has either used all available credits or reached its monthly spending limit. To continue making API requests, please purchase more credits or raise your spending limit."}

[63/110] Charles Garrison (portrait)
   Prompt: Photorealistic portrait photograph of a 26-year-old white man, military officer....
   Generating...
   ❌ Error: API error (429): {"code":"Some resource has been exhausted","error":"Your team 9d417d69-4ac8-4e8d-aff4-7f7eed5dadf6 has either used all available credits or reached its monthly spending limit. To continue making API requests, please purchase more credits or raise your spending limit."}

[64/110] Chen Zhaoming (portrait)
   Prompt: Photorealistic portrait photograph of a 54-year-old white man, Founding the Peop...
   Generating...
   ❌ Error: API error (429): {"code":"Some resource has been exhausted","error":"Your team 9d417d69-4ac8-4e8d-aff4-7f7eed5dadf6 has either used all available credits or reached its monthly spending limit. To continue making API requests, please purchase more credits or raise your spending limit."}

[65/110] Dorothy Sherwood (portrait)
   Prompt: Photorealistic portrait photograph of a 27-year-old white woman, entertainer. Pr...
   Generating...
   ❌ Error: API error (429): {"code":"Some resource has been exhausted","error":"Your team 9d417d69-4ac8-4e8d-aff4-7f7eed5dadf6 has either used all available credits or reached its monthly spending limit. To continue making API requests, please purchase more credits or raise your spending limit."}

[66/110] Edmund Carlson (portrait)
   Prompt: Photorealistic portrait photograph of a 62-year-old white man, business executiv...
   Generating...
   ❌ Error: API error (429): {"code":"Some resource has been exhausted","error":"Your team 9d417d69-4ac8-4e8d-aff4-7f7eed5dadf6 has either used all available credits or reached its monthly spending limit. To continue making API requests, please purchase more credits or raise your spending limit."}

[67/110] Edward Stanton (portrait)
   Prompt: Photorealistic portrait photograph of a 40-year-old white man, journalist. Profe...
   Generating...
   ❌ Error: API error (429): {"code":"Some resource has been exhausted","error":"Your team 9d417d69-4ac8-4e8d-aff4-7f7eed5dadf6 has either used all available credits or reached its monthly spending limit. To continue making API requests, please purchase more credits or raise your spending limit."}

[68/110] Eleanor Brooks (portrait)
   Prompt: Photorealistic portrait photograph of a 42-year-old white woman, professional. P...
   Generating...
   ❌ Error: API error (429): {"code":"Some resource has been exhausted","error":"Your team 9d417d69-4ac8-4e8d-aff4-7f7eed5dadf6 has either used all available credits or reached its monthly spending limit. To continue making API requests, please purchase more credits or raise your spending limit."}

[69/110] Eleanor Brooks (portrait)
   Prompt: Photorealistic portrait photograph of a 42-year-old white woman, professional. P...
   Generating...
   ❌ Error: API error (429): {"code":"Some resource has been exhausted","error":"Your team 9d417d69-4ac8-4e8d-aff4-7f7eed5dadf6 has either used all available credits or reached its monthly spending limit. To continue making API requests, please purchase more credits or raise your spending limit."}

[70/110] Eleanor Weston (portrait)
   Prompt: Photorealistic portrait photograph of a middle-aged white man, Socialite, ranche...
   Generating...
   ❌ Error: API error (429): {"code":"Some resource has been exhausted","error":"Your team 9d417d69-4ac8-4e8d-aff4-7f7eed5dadf6 has either used all available credits or reached its monthly spending limit. To continue making API requests, please purchase more credits or raise your spending limit."}

[71/110] Enzo Ferrante (portrait)
   Prompt: Photorealistic portrait photograph of a 51-year-old white man, business executiv...
   Generating...
   ❌ Error: API error (429): {"code":"Some resource has been exhausted","error":"Your team 9d417d69-4ac8-4e8d-aff4-7f7eed5dadf6 has either used all available credits or reached its monthly spending limit. To continue making API requests, please purchase more credits or raise your spending limit."}

[72/110] Frank Caldwell (portrait)
   Prompt: Photorealistic portrait photograph of a 26-year-old white woman, military office...
   Generating...
   ❌ Error: API error (429): {"code":"Some resource has been exhausted","error":"Your team 9d417d69-4ac8-4e8d-aff4-7f7eed5dadf6 has either used all available credits or reached its monthly spending limit. To continue making API requests, please purchase more credits or raise your spending limit."}

[73/110] Frank Martino (portrait)
   Prompt: Photorealistic portrait photograph of a 32-year-old white man, Hollywood film st...
   Generating...
   ❌ Error: API error (429): {"code":"Some resource has been exhausted","error":"Your team 9d417d69-4ac8-4e8d-aff4-7f7eed5dadf6 has either used all available credits or reached its monthly spending limit. To continue making API requests, please purchase more credits or raise your spending limit."}

[74/110] Franklin D. Roosevelt (portrait)
   Prompt: Photorealistic portrait photograph of a 66-year-old white man, distinguished pol...
   Generating...
   ❌ Error: API error (429): {"code":"Some resource has been exhausted","error":"Your team 9d417d69-4ac8-4e8d-aff4-7f7eed5dadf6 has either used all available credits or reached its monthly spending limit. To continue making API requests, please purchase more credits or raise your spending limit."}

[75/110] George Keller (portrait)
   Prompt: Photorealistic portrait photograph of a 29-year-old white man, Jazz saxophonist....
   Generating...
   ❌ Error: API error (429): {"code":"Some resource has been exhausted","error":"Your team 9d417d69-4ac8-4e8d-aff4-7f7eed5dadf6 has either used all available credits or reached its monthly spending limit. To continue making API requests, please purchase more credits or raise your spending limit."}

[76/110] Grigori Voronov (portrait)
   Prompt: Photorealistic portrait photograph of a 51-year-old white man, distinguished pol...
   Generating...
   ❌ Error: API error (429): {"code":"Some resource has been exhausted","error":"Your team 9d417d69-4ac8-4e8d-aff4-7f7eed5dadf6 has either used all available credits or reached its monthly spending limit. To continue making API requests, please purchase more credits or raise your spending limit."}

[77/110] Harlan Whitmore (portrait)
   Prompt: Photorealistic portrait photograph of a 53-year-old white man, military officer....
   Generating...
   ❌ Error: API error (429): {"code":"Some resource has been exhausted","error":"Your team 9d417d69-4ac8-4e8d-aff4-7f7eed5dadf6 has either used all available credits or reached its monthly spending limit. To continue making API requests, please purchase more credits or raise your spending limit."}

[78/110] Harold Keane (portrait)
   Prompt: Photorealistic portrait photograph of a 38-year-old white man, Songwriter, compo...
   Generating...
   ❌ Error: API error (429): {"code":"Some resource has been exhausted","error":"Your team 9d417d69-4ac8-4e8d-aff4-7f7eed5dadf6 has either used all available credits or reached its monthly spending limit. To continue making API requests, please purchase more credits or raise your spending limit."}

[79/110] Henry C. Durant (portrait)
   Prompt: Photorealistic portrait photograph of a 85-year-old white man, business executiv...
   Generating...
   ❌ Error: API error (429): {"code":"Some resource has been exhausted","error":"Your team 9d417d69-4ac8-4e8d-aff4-7f7eed5dadf6 has either used all available credits or reached its monthly spending limit. To continue making API requests, please purchase more credits or raise your spending limit."}

[80/110] Henry Wallace (portrait)
   Prompt: Photorealistic portrait photograph of a 60-year-old white man, distinguished pol...
   Generating...
   ❌ Error: API error (429): {"code":"Some resource has been exhausted","error":"Your team 9d417d69-4ac8-4e8d-aff4-7f7eed5dadf6 has either used all available credits or reached its monthly spending limit. To continue making API requests, please purchase more credits or raise your spending limit."}

[81/110] Irving Lazar (portrait)
   Prompt: Photorealistic portrait photograph of a 46-year-old white man, business executiv...
   Generating...
   ❌ Error: API error (429): {"code":"Some resource has been exhausted","error":"Your team 9d417d69-4ac8-4e8d-aff4-7f7eed5dadf6 has either used all available credits or reached its monthly spending limit. To continue making API requests, please purchase more credits or raise your spending limit."}

[82/110] Jack Callahan (portrait)
   Prompt: Photorealistic portrait photograph of a 35-year-old white man, Labor leader. Pro...
   Generating...
   ❌ Error: API error (429): {"code":"Some resource has been exhausted","error":"Your team 9d417d69-4ac8-4e8d-aff4-7f7eed5dadf6 has either used all available credits or reached its monthly spending limit. To continue making API requests, please purchase more credits or raise your spending limit."}

[83/110] James Thornton (portrait)
   Prompt: Photorealistic portrait photograph of a 49-year-old white man, Film director, pr...
   Generating...
   ❌ Error: API error (429): {"code":"Some resource has been exhausted","error":"Your team 9d417d69-4ac8-4e8d-aff4-7f7eed5dadf6 has either used all available credits or reached its monthly spending limit. To continue making API requests, please purchase more credits or raise your spending limit."}

[84/110] Joseph Carter (portrait)
   Prompt: Photorealistic portrait photograph of a 33-year-old white man, Professional boxe...
   Generating...
   ❌ Error: API error (429): {"code":"Some resource has been exhausted","error":"Your team 9d417d69-4ac8-4e8d-aff4-7f7eed5dadf6 has either used all available credits or reached its monthly spending limit. To continue making API requests, please purchase more credits or raise your spending limit."}

[85/110] Joseph Stalin (portrait)
   Prompt: Photorealistic portrait photograph of a 70-year-old white man, military officer....
   Generating...
   ❌ Error: API error (429): {"code":"Some resource has been exhausted","error":"Your team 9d417d69-4ac8-4e8d-aff4-7f7eed5dadf6 has either used all available credits or reached its monthly spending limit. To continue making API requests, please purchase more credits or raise your spending limit."}

[86/110] Leonard Vance (portrait)
   Prompt: Photorealistic portrait photograph of a 41-year-old white man, Physicist. Profes...
   Generating...
   ❌ Error: API error (429): {"code":"Some resource has been exhausted","error":"Your team 9d417d69-4ac8-4e8d-aff4-7f7eed5dadf6 has either used all available credits or reached its monthly spending limit. To continue making API requests, please purchase more credits or raise your spending limit."}

[87/110] Margaret Caldwell (portrait)
   Prompt: Photorealistic portrait photograph of a 26-year-old white woman, Homemaker. Prof...
   Generating...
   ❌ Error: API error (429): {"code":"Some resource has been exhausted","error":"Your team 9d417d69-4ac8-4e8d-aff4-7f7eed5dadf6 has either used all available credits or reached its monthly spending limit. To continue making API requests, please purchase more credits or raise your spending limit."}

[88/110] Nathan Collier (portrait)
   Prompt: Photorealistic portrait photograph of a 44-year-old white man, journalist. Profe...
   Generating...
   ❌ Error: API error (429): {"code":"Some resource has been exhausted","error":"Your team 9d417d69-4ac8-4e8d-aff4-7f7eed5dadf6 has either used all available credits or reached its monthly spending limit. To continue making API requests, please purchase more credits or raise your spending limit."}

[89/110] Nathan Kagan (portrait)
   Prompt: Photorealistic portrait photograph of a 63-year-old white man, business executiv...
   Generating...
   ❌ Error: API error (429): {"code":"Some resource has been exhausted","error":"Your team 9d417d69-4ac8-4e8d-aff4-7f7eed5dadf6 has either used all available credits or reached its monthly spending limit. To continue making API requests, please purchase more credits or raise your spending limit."}

[90/110] Nelson Chambers (portrait)
   Prompt: Photorealistic portrait photograph of a 43-year-old white man, Arranger, conduct...
   Generating...
   ❌ Error: API error (429): {"code":"Some resource has been exhausted","error":"Your team 9d417d69-4ac8-4e8d-aff4-7f7eed5dadf6 has either used all available credits or reached its monthly spending limit. To continue making API requests, please purchase more credits or raise your spending limit."}

[91/110] Patrick Gallagher (portrait)
   Prompt: Photorealistic portrait photograph of a 70-year-old white man, Boss of Kansas Ci...
   Generating...
   ❌ Error: API error (429): {"code":"Some resource has been exhausted","error":"Your team 9d417d69-4ac8-4e8d-aff4-7f7eed5dadf6 has either used all available credits or reached its monthly spending limit. To continue making API requests, please purchase more credits or raise your spending limit."}

[92/110] Paulie Caruso (portrait)
   Prompt: Photorealistic portrait photograph of a 38-year-old white man, Driver, personal ...
   Generating...
   ❌ Error: API error (429): {"code":"Some resource has been exhausted","error":"Your team 9d417d69-4ac8-4e8d-aff4-7f7eed5dadf6 has either used all available credits or reached its monthly spending limit. To continue making API requests, please purchase more credits or raise your spending limit."}

[93/110] Randolph Joseph Mercer (portrait)
   Prompt: Photorealistic portrait photograph of a 86-year-old white man, business executiv...
   Generating...
   ❌ Error: API error (429): {"code":"Some resource has been exhausted","error":"Your team 9d417d69-4ac8-4e8d-aff4-7f7eed5dadf6 has either used all available credits or reached its monthly spending limit. To continue making API requests, please purchase more credits or raise your spending limit."}

[94/110] Raymond Colvin (portrait)
   Prompt: Photorealistic portrait photograph of a 37-year-old white man, military officer....
   Generating...
   ❌ Error: API error (429): {"code":"Some resource has been exhausted","error":"Your team 9d417d69-4ac8-4e8d-aff4-7f7eed5dadf6 has either used all available credits or reached its monthly spending limit. To continue making API requests, please purchase more credits or raise your spending limit."}

[95/110] Raymond Holbrook (portrait)
   Prompt: Photorealistic portrait photograph of a 46-year-old white man, Automobile design...
   Generating...
   ❌ Error: API error (429): {"code":"Some resource has been exhausted","error":"Your team 9d417d69-4ac8-4e8d-aff4-7f7eed5dadf6 has either used all available credits or reached its monthly spending limit. To continue making API requests, please purchase more credits or raise your spending limit."}

[96/110] Robert Langley (portrait)
   Prompt: Photorealistic portrait photograph of a 36-year-old white man, Hollywood film st...
   Generating...
   ❌ Error: API error (429): {"code":"Some resource has been exhausted","error":"Your team 9d417d69-4ac8-4e8d-aff4-7f7eed5dadf6 has either used all available credits or reached its monthly spending limit. To continue making API requests, please purchase more credits or raise your spending limit."}

[97/110] Robert Whitfield (portrait)
   Prompt: Photorealistic portrait photograph of a 46-year-old white man, distinguished pol...
   Generating...
   ❌ Error: API error (429): {"code":"Some resource has been exhausted","error":"Your team 9d417d69-4ac8-4e8d-aff4-7f7eed5dadf6 has either used all available credits or reached its monthly spending limit. To continue making API requests, please purchase more credits or raise your spending limit."}

[98/110] Salvatore Conti (portrait)
   Prompt: Photorealistic portrait photograph of a 54-year-old white man, business executiv...
   Generating...
   ❌ Error: API error (429): {"code":"Some resource has been exhausted","error":"Your team 9d417d69-4ac8-4e8d-aff4-7f7eed5dadf6 has either used all available credits or reached its monthly spending limit. To continue making API requests, please purchase more credits or raise your spending limit."}

[99/110] Samuel Kagan (portrait)
   Prompt: Photorealistic portrait photograph of a 63-year-old white man, business executiv...
   Generating...
   ❌ Error: API error (429): {"code":"Some resource has been exhausted","error":"Your team 9d417d69-4ac8-4e8d-aff4-7f7eed5dadf6 has either used all available credits or reached its monthly spending limit. To continue making API requests, please purchase more credits or raise your spending limit."}

[100/110] Savannah Fontaine (portrait)
   Prompt: Photorealistic portrait photograph of a 32-year-old white woman, Socialite. Prof...
   Generating...
   ❌ Error: API error (429): {"code":"Some resource has been exhausted","error":"Your team 9d417d69-4ac8-4e8d-aff4-7f7eed5dadf6 has either used all available credits or reached its monthly spending limit. To continue making API requests, please purchase more credits or raise your spending limit."}

[101/110] Senator Robert Whitfield (portrait)
   Prompt: Photorealistic portrait photograph of a 46-year-old white man, distinguished pol...
   Generating...
   ❌ Error: API error (429): {"code":"Some resource has been exhausted","error":"Your team 9d417d69-4ac8-4e8d-aff4-7f7eed5dadf6 has either used all available credits or reached its monthly spending limit. To continue making API requests, please purchase more credits or raise your spending limit."}

[102/110] Sidney Hartman (portrait)
   Prompt: Photorealistic portrait photograph of a 49-year-old white man, business executiv...
   Generating...
   ❌ Error: API error (429): {"code":"Some resource has been exhausted","error":"Your team 9d417d69-4ac8-4e8d-aff4-7f7eed5dadf6 has either used all available credits or reached its monthly spending limit. To continue making API requests, please purchase more credits or raise your spending limit."}

[103/110] Sol Roth (portrait)
   Prompt: Photorealistic portrait photograph of a 46-year-old white man, business executiv...
   Generating...
   ❌ Error: API error (429): {"code":"Some resource has been exhausted","error":"Your team 9d417d69-4ac8-4e8d-aff4-7f7eed5dadf6 has either used all available credits or reached its monthly spending limit. To continue making API requests, please purchase more credits or raise your spending limit."}

[104/110] Thomas Chambers (portrait)
   Prompt: Photorealistic portrait photograph of a 43-year-old white man, professional. Pro...
   Generating...
   ❌ Error: API error (429): {"code":"Some resource has been exhausted","error":"Your team 9d417d69-4ac8-4e8d-aff4-7f7eed5dadf6 has either used all available credits or reached its monthly spending limit. To continue making API requests, please purchase more credits or raise your spending limit."}

[105/110] Thomas Chambers (portrait)
   Prompt: Photorealistic portrait photograph of a 43-year-old white man, professional. Pro...
   Generating...
   ❌ Error: API error (429): {"code":"Some resource has been exhausted","error":"Your team 9d417d69-4ac8-4e8d-aff4-7f7eed5dadf6 has either used all available credits or reached its monthly spending limit. To continue making API requests, please purchase more credits or raise your spending limit."}

[106/110] Thomas Dewey (portrait)
   Prompt: Photorealistic portrait photograph of a 46-year-old white man, distinguished pol...
   Generating...
   ❌ Error: API error (429): {"code":"Some resource has been exhausted","error":"Your team 9d417d69-4ac8-4e8d-aff4-7f7eed5dadf6 has either used all available credits or reached its monthly spending limit. To continue making API requests, please purchase more credits or raise your spending limit."}

[107/110] Tommy Barton (portrait)
   Prompt: Photorealistic portrait photograph of a middle-aged white man, Bandleader. Profe...
   Generating...
   ❌ Error: API error (429): {"code":"Some resource has been exhausted","error":"Your team 9d417d69-4ac8-4e8d-aff4-7f7eed5dadf6 has either used all available credits or reached its monthly spending limit. To continue making API requests, please purchase more credits or raise your spending limit."}

[108/110] Virgil Stokes (portrait)
   Prompt: Photorealistic portrait photograph of a 48-year-old white man, Rancher. Professi...
   Generating...
   ❌ Error: API error (429): {"code":"Some resource has been exhausted","error":"Your team 9d417d69-4ac8-4e8d-aff4-7f7eed5dadf6 has either used all available credits or reached its monthly spending limit. To continue making API requests, please purchase more credits or raise your spending limit."}

[109/110] Walter Brennan (portrait)
   Prompt: Photorealistic portrait photograph of a 57-year-old white man, business executiv...
   Generating...
   ❌ Error: API error (429): {"code":"Some resource has been exhausted","error":"Your team 9d417d69-4ac8-4e8d-aff4-7f7eed5dadf6 has either used all available credits or reached its monthly spending limit. To continue making API requests, please purchase more credits or raise your spending limit."}

[110/110] William Garrett (portrait)
   Prompt: Photorealistic portrait photograph of a 56-year-old white man, Film director, pr...
   Generating...
   ❌ Error: API error (429): {"code":"Some resource has been exhausted","error":"Your team 9d417d69-4ac8-4e8d-aff4-7f7eed5dadf6 has either used all available credits or reached its monthly spending limit. To continue making API requests, please purchase more credits or raise your spending limit."}


✅ Complete! Processed: 110, Failed: 55
